This is LuaTeX, Version beta-0.66.0-2011032121 (rev 4093)  (format=luatex 2011.3.21)  31 MAR 2011 07:53
 restricted \write18 enabled.
**sample1
(./sample1.tex (./s1sty.tex
(/opt/texlive/p2010/../texmf-local/tex/generic/luatexja/luatexja-core.sty
(/opt/texlive/p2010/texmf-dist/tex/luatex/luaotfload/luaotfload.sty
(/opt/texlive/p2010/texmf-dist/tex/luatex/luatexbase/luatexbase.sty
Package: luatexbase 2010/10/06 v0.3 Module utilities for LuaTeX
(/opt/texlive/p2010/texmf-dist/tex/generic/oberdiek/ifluatex.sty
Package: ifluatex 2010/03/01 v1.3 Provides the ifluatex switch (HO)
Package ifluatex Info: LuaTeX detected.
)
(/opt/texlive/p2010/texmf-dist/tex/luatex/luatexbase/luatexbase-compat.sty
Package: luatexbase-compat 2010/10/10 v0.3 Compatibility tools for LuaTeX
(/opt/texlive/p2010/texmf-dist/tex/generic/oberdiek/ifluatex.sty
Package ifluatex Info: The package is already loaded.
))
(/opt/texlive/p2010/texmf-dist/tex/luatex/luatexbase/luatexbase-loader.sty
Package: luatexbase-loader 2010/10/10 v0.3 Lua module loader for LuaTeX
(/opt/texlive/p2010/texmf-dist/tex/generic/oberdiek/ifluatex.sty
Package ifluatex Info: The package is already loaded.
)
(/opt/texlive/p2010/texmf-dist/tex/luatex/luatexbase/luatexbase-compat.sty)
(/opt/texlive/p2010/texmf-dist/tex/luatex/luatexbase/luatexbase.loader.lua))
(/opt/texlive/p2010/texmf-dist/tex/luatex/luatexbase/luatexbase-regs.sty
Package: luatexbase-regs 2010/10/10 v0.3 Registers allocation for LuaTeX
(/opt/texlive/p2010/texmf-dist/tex/generic/oberdiek/ifluatex.sty
Package ifluatex Info: The package is already loaded.
))
(/opt/texlive/p2010/texmf-dist/tex/luatex/luatexbase/luatexbase-attr.sty
Package: luatexbase-attr 2010/10/10 v0.3 Attributes allocation for LuaTeX
(/opt/texlive/p2010/texmf-dist/tex/generic/oberdiek/ifluatex.sty
Package ifluatex Info: The package is already loaded.
)
(/opt/texlive/p2010/texmf-dist/tex/luatex/luatexbase/luatexbase-compat.sty)
(/opt/texlive/p2010/texmf-dist/tex/luatex/luatexbase/luatexbase-loader.sty)
(/opt/texlive/p2010/texmf-dist/tex/luatex/luatexbase/attr.lua))
(/opt/texlive/p2010/texmf-dist/tex/luatex/luatexbase/luatexbase-cctb.sty
Package: luatexbase-cctb 2010/10/10 v0.3 Catcodetable allocation for LuaTeX
(/opt/texlive/p2010/texmf-dist/tex/generic/oberdiek/ifluatex.sty
Package ifluatex Info: The package is already loaded.
)
(/opt/texlive/p2010/texmf-dist/tex/luatex/luatexbase/luatexbase-loader.sty)
(/opt/texlive/p2010/texmf-dist/tex/luatex/luatexbase/cctb.lua)
(/opt/texlive/p2010/texmf-dist/tex/luatex/luatexbase/luatexbase-compat.sty)
\lltxb@catcodetable@alloc=\count277
\@tempcnta=\count278
\@tempcntb=\count279
\CatcodeTableIniTeX=\luatexcatcodetable1
\CatcodeTableString=\luatexcatcodetable2
\CatcodeTableOther=\luatexcatcodetable3
\CatcodeTableLaTeX=\luatexcatcodetable4
\CatcodeTableLaTeXAtLetter=\luatexcatcodetable5
\CatcodeTableExpl=\luatexcatcodetable6
)
(/opt/texlive/p2010/texmf-dist/tex/luatex/luatexbase/luatexbase-mcb.sty
Package: luatexbase-mcb 2010/10/10 v0.3 Callback management for LuaTeX
(/opt/texlive/p2010/texmf-dist/tex/generic/oberdiek/ifluatex.sty
Package ifluatex Info: The package is already loaded.
)
(/opt/texlive/p2010/texmf-dist/tex/luatex/luatexbase/luatexbase-modutils.sty
Package: luatexbase-modutils 2010/10/10 v0.3 Module utilities for LuaTeX
(/opt/texlive/p2010/texmf-dist/tex/generic/oberdiek/ifluatex.sty
Package ifluatex Info: The package is already loaded.
)
(/opt/texlive/p2010/texmf-dist/tex/luatex/luatexbase/luatexbase-loader.sty)
(/opt/texlive/p2010/texmf-dist/tex/luatex/luatexbase/modutils.lua))
(/opt/texlive/p2010/texmf-dist/tex/luatex/luatexbase/mcb.lua)
Lua module: luatexbase-mcb 2010/05/12 0.2 register several functions in a callb
ack
)
(/opt/texlive/p2010/texmf-dist/tex/luatex/luatexbase/luatexbase-modutils.sty))
(/opt/texlive/p2010/texmf-dist/tex/luatex/lualibs/lualibs.lua)
Lua module: lualibs 2011/01/20 0.96 Lua additional functions.

(/opt/texlive/p2010/texmf-dist/tex/luatex/lualibs/lualibs-string.lua)
(/opt/texlive/p2010/texmf-dist/tex/luatex/lualibs/lualibs-lpeg.lua)
(/opt/texlive/p2010/texmf-dist/tex/luatex/lualibs/lualibs-boolean.lua)
(/opt/texlive/p2010/texmf-dist/tex/luatex/lualibs/lualibs-number.lua)
(/opt/texlive/p2010/texmf-dist/tex/luatex/lualibs/lualibs-math.lua)
(/opt/texlive/p2010/texmf-dist/tex/luatex/lualibs/lualibs-table.lua)
(/opt/texlive/p2010/texmf-dist/tex/luatex/lualibs/lualibs-aux.lua)
(/opt/texlive/p2010/texmf-dist/tex/luatex/lualibs/lualibs-io.lua)
(/opt/texlive/p2010/texmf-dist/tex/luatex/lualibs/lualibs-os.lua)
(/opt/texlive/p2010/texmf-dist/tex/luatex/lualibs/lualibs-file.lua)
(/opt/texlive/p2010/texmf-dist/tex/luatex/lualibs/lualibs-md5.lua)
(/opt/texlive/p2010/texmf-dist/tex/luatex/lualibs/lualibs-dir.lua)
(/opt/texlive/p2010/texmf-dist/tex/luatex/lualibs/lualibs-unicode.lua)
(/opt/texlive/p2010/texmf-dist/tex/luatex/lualibs/lualibs-utils.lua)
(/opt/texlive/p2010/texmf-dist/tex/luatex/lualibs/lualibs-dimen.lua)
(/opt/texlive/p2010/texmf-dist/tex/luatex/lualibs/lualibs-url.lua)
(/opt/texlive/p2010/texmf-dist/tex/luatex/lualibs/lualibs-set.lua)
(/opt/texlive/p2010/texmf-dist/tex/luatex/luaotfload/luaotfload.lua)
Lua module: luaotfload 2011/02/16 1.24 OpenType layout system.

luaotfload: loading file /opt/texlive/p2010/texmf-dist/tex/luatex/luaotfload/ot
fl-luat-dum.lua.(using cache: /home/h7k/.texlive2010/texmf-var/luatex-cache/gen
eric)
luaotfload: loading file /opt/texlive/p2010/texmf-dist/tex/luatex/luaotfload/ot
fl-luat-ovr.lua.
luaotfload: loading file /opt/texlive/p2010/texmf-dist/tex/luatex/luaotfload/ot
fl-data-con.lua.
luaotfload: loading file /opt/texlive/p2010/texmf-dist/tex/luatex/luaotfload/ot
fl-font-ini.lua.
luaotfload: loading file /opt/texlive/p2010/texmf-dist/tex/luatex/luaotfload/ot
fl-node-dum.lua.
luaotfload: loading file /opt/texlive/p2010/texmf-dist/tex/luatex/luaotfload/ot
fl-node-inj.lua.
luaotfload: loading file /opt/texlive/p2010/texmf-dist/tex/luatex/luaotfload/ot
fl-font-tfm.lua.
luatexbase.attributes["otfl@state"] = 1
luaotfload: loading file /opt/texlive/p2010/texmf-dist/tex/luatex/luaotfload/ot
fl-font-cid.lua.
luaotfload: loading file /opt/texlive/p2010/texmf-dist/tex/luatex/luaotfload/ot
fl-font-ott.lua.
luaotfload: loading file /opt/texlive/p2010/texmf-dist/tex/luatex/luaotfload/ot
fl-font-map.lua.
luaotfload: loading file /opt/texlive/p2010/texmf-dist/tex/luatex/luaotfload/ot
fl-font-otf.lua.
luaotfload: loading file /opt/texlive/p2010/texmf-dist/tex/luatex/luaotfload/ot
fl-font-otd.lua.
luaotfload: loading file /opt/texlive/p2010/texmf-dist/tex/luatex/luaotfload/ot
fl-font-oti.lua.
luaotfload: loading file /opt/texlive/p2010/texmf-dist/tex/luatex/luaotfload/ot
fl-font-otb.lua.
luaotfload: loading file /opt/texlive/p2010/texmf-dist/tex/luatex/luaotfload/ot
fl-font-otn.lua.
luatexbase.attributes["otfl@markbase"] = 2
luatexbase.attributes["otfl@markmark"] = 3
luatexbase.attributes["otfl@markdone"] = 4
luatexbase.attributes["otfl@cursbase"] = 5
luatexbase.attributes["otfl@curscurs"] = 6
luatexbase.attributes["otfl@cursdone"] = 7
luatexbase.attributes["otfl@kernpair"] = 8
luaotfload: loading file /opt/texlive/p2010/texmf-dist/tex/luatex/luaotfload/ot
fl-font-ota.lua.
luaotfload: loading file /opt/texlive/p2010/texmf-dist/tex/luatex/luaotfload/ot
fl-font-otc.lua.
luaotfload: loading file /opt/texlive/p2010/texmf-dist/tex/luatex/luaotfload/ot
fl-font-def.lua.
luaotfload: loading file /opt/texlive/p2010/texmf-dist/tex/luatex/luaotfload/ot
fl-font-xtx.lua.
luaotfload: loading file /opt/texlive/p2010/texmf-dist/tex/luatex/luaotfload/ot
fl-font-dum.lua.
luaotfload: loading file /opt/texlive/p2010/texmf-dist/tex/luatex/luaotfload/ot
fl-font-nms.lua.
luaotfload: loading file /opt/texlive/p2010/texmf-dist/tex/luatex/luaotfload/ot
fl-font-clr.lua.
Module luatexbase-mcb info: creating 'luaotfload.patch_font' type 4
Module luatexbase-mcb info: inserting 'luaotfload.pre_linebreak_filter'
(luatexbase-mcb)            at position 1 in 'pre_linebreak_filter'
Module luatexbase-mcb info: inserting 'luaotfload.hpack_filter'
(luatexbase-mcb)            at position 1 in 'hpack_filter'
Module luatexbase-mcb info: resetting callback 'define_font'
Module luatexbase-mcb info: inserting 'luaotfload.define_font'
(luatexbase-mcb)            at position 1 in 'define_font'
Module luatexbase-mcb info: inserting 'luaotfload.find_vf_file'
(luatexbase-mcb)            at position 1 in 'find_vf_file'
)
\luatexja@tempcnta=\count280
\luatexja@tempdima=\dimen256
\kanjiskip=\skip256
\xkanjiskip=\skip257
\zw=\dimen257
\zh=\dimen258
\jQ=\dimen259
\jH=\dimen260
\luatexja@autospc=\count281
\luatexja@autoxspc=\count282

(/opt/texlive/p2010/../texmf-local/tex/generic/luatexja/luatexja-core.lua)
Module luatexbase-mcb info: inserting 'ltj.process_input_buffer'
(luatexbase-mcb)            at position 1 in 'process_input_buffer'
Module luatexbase-mcb info: inserting 'ltj.pre_linebreak_filter'
(luatexbase-mcb)            at position 2 in 'pre_linebreak_filter'
Module luatexbase-mcb info: inserting 'ltj.hpack_filter'
(luatexbase-mcb)            at position 2 in 'hpack_filter'
Module luatexbase-mcb info: inserting 'ltj.hpack_filter_pre'
(luatexbase-mcb)            at position 1 in 'hpack_filter'
Module luatexbase-mcb info: inserting 'ltj.hyphenate'
(luatexbase-mcb)            at position 1 in 'hyphenate'
(/opt/texlive/p2010/../texmf-local/tex/generic/luatexja/luatexja-core-aux.lua)
\luatexja@curjfnt=\luatexattribute9
\luatexja@charclass=\luatexattribute10
\luatexja@yablshift=\luatexattribute11
\luatexja@ykblshift=\luatexattribute12
\luatexja@icflag=\luatexattribute13
\luatexja@japanese=\language87

(/opt/texlive/p2010/../texmf-local/tex/generic/luatexja/luatexja-kinsoku.tex))
(/opt/texlive/p2010/../texmf-local/tex/generic/luatexja/luatj-ujis.lua)
(/opt/texlive/p2010/../texmf-local/tex/generic/luatexja/luatj-mono.lua)
luaotfload | load font: auto-selecting default features for script: dflt (was l
atn)(load: /home/h7k/.texlive2010/texmf-var/luatex-cache/generic/fonts/otf/temp
-ipaexm.lua)
luaotfload | load font: auto-selecting default features for script: dflt (was l
atn)(load: /home/h7k/.texlive2010/texmf-var/luatex-cache/generic/fonts/otf/temp
-ipaexg.lua)
luaotfload | load font: auto-selecting default features for script: dflt (was l
atn)
luaotfload | load font: auto-selecting default features for script: dflt (was l
atn)
luaotfload | load font: auto-selecting default features for script: dflt (was l
atn)
luaotfload | load font: auto-selecting default features for script: dflt (was l
atn)
luaotfload | load font: auto-selecting default features for script: dflt (was l
atn)
luaotfload | load font: auto-selecting default features for script: dflt (was l
atn)
\vspbox=\box256
\enumi=\count283
) BB AA 特徴 制限 ファイル構成 使用方法 [1{/opt/texlive/p2010/tex
mf-var/fonts/map/pdftex/updmap/pdftex.map
LuaTeX warning (file /opt/texlive/p2010/texmf-var/fonts/map/pdftex/updmap/pdfte
x.map): fontmap entry for `bchb8r' already exists, duplicates ignored

LuaTeX warning (file /opt/texlive/p2010/texmf-var/fonts/map/pdftex/updmap/pdfte
x.map): fontmap entry for `bchbi8r' already exists, duplicates ignored

LuaTeX warning (file /opt/texlive/p2010/texmf-var/fonts/map/pdftex/updmap/pdfte
x.map): fontmap entry for `bchbo8r' already exists, duplicates ignored

LuaTeX warning (file /opt/texlive/p2010/texmf-var/fonts/map/pdftex/updmap/pdfte
x.map): fontmap entry for `bchr8r' already exists, duplicates ignored

LuaTeX warning (file /opt/texlive/p2010/texmf-var/fonts/map/pdftex/updmap/pdfte
x.map): fontmap entry for `bchri8r' already exists, duplicates ignored

LuaTeX warning (file /opt/texlive/p2010/texmf-var/fonts/map/pdftex/updmap/pdfte
x.map): fontmap entry for `bchro8r' already exists, duplicates ignored
}] 実装解説
attributes, dimensions,$\mskip \thinmuskip \mathinner {\ldotp \ldotp \ldotp }$ 
和文フォントの定義 [2]
Overfull \hbox (2.56395pt too wide) in paragraph at lines 134--136
 [] []\tenipam メ ト リッ ク 情 報 は[] 和 文 文 字 の 幅 や[] 
和 文 文 字 間 の 空 白 の 入 り 方 な ど を 規 定 す る[] \
tenrm pT[]X

\hbox(8.45029+2.15277)x384.104, glue set - 1.0, direction TLT
.\glue(\leftskip) 28.8078
.\whatsit
..\localinterlinepenalty=0
..\localbrokenpenalty=0
..\localleftbox=null
..\localrightbox=null
.\glue -9.6026
.\hbox(4.44444+0.0)x9.6026, glue set 2.3013fil, direction TLT
..\glue 0.0 plus 1.0fil minus 1.0fil
..\mathon
..\tensy 
..\mathoff
..\glue 0.0 plus 1.0fil minus 1.0fil
.\tenipam メ
.etc.


Overfull \hbox (4.22675pt too wide) in paragraph at lines 155--158
 [][]\tenrm Lua \tenipam ソー ス \tentt luatj-$\tensy h$\tenit file$\tensy i
$\tentt .lua \tenipam に 書 か れ た メ ト リッ ク 情 報 を 読 
み 込 む[] 内 部 で は $\tensy h$\tenit key$\tensy i$

\hbox(8.45029+2.5)x384.104, glue set - 1.0, direction TLT
.\glue(\leftskip) 28.8078
.\whatsit
..\localinterlinepenalty=0
..\localbrokenpenalty=0
..\localleftbox=null
..\localrightbox=null
.\hbox(0.0+0.0)x9.6026, direction TLT
.\tenrm L
.\tenrm u
.etc.

その他命令類 大まかな処理の流れ [3] [4]
和文フォントメトリックについて [5] [6] 名称について
表記法 読み方 機能 [7] 数式の表示例 生い立ち
T\kern -.1667em\lower .5ex\hbox {E}\kern -.125emXの日本語化 [8]
T\kern -.1667em\lower .5ex\hbox {E}\kern -.125emXによる組版の作業工
程 [9]
Overfull \hbox (3.56004pt too wide) in paragraph at lines 484--486
 [] []\tentt DVI \tenipam ウェ ア に は \tenrm xdvi/xd-vik \tenipam や \t
enrm dvi-out for Win-dows \tenipam な ど の \tentt DVI \tenipam ヴュー 
ア[] \tenrm Dvips(k)

\hbox(8.45029+2.5)x384.104, glue set - 1.0, direction TLT
.\glue(\leftskip) 48.013
.\whatsit
..\localinterlinepenalty=0
..\localbrokenpenalty=0
..\localleftbox=null
..\localrightbox=null
.\glue -9.6026
.\hbox(5.83333+0.83333)x9.6026, glue set 0.9124fil, direction TLT
..\glue 0.0 plus 1.0fil minus 1.0fil
..\mathon
..\tensy  
..\mathoff
..\glue 0.0 plus 1.0fil minus 1.0fil
.\tentt D
.etc.

GUI環境とT\kern -.1667em\lower .5ex\hbox {E}\kern -.125emX [10] )</opt/texli
ve/p2010/texmf/fonts/truetype/test/ipaexm.ttf></opt/texlive/p2010/texmf/fonts/t
ruetype/test/ipaexg.ttf></opt/texlive/p2010/texmf-dist/fonts/type1/public/amsfo
nts/cm/cmbx10.pfb></opt/texlive/p2010/texmf-dist/fonts/type1/public/amsfonts/cm
/cmbx12.pfb></opt/texlive/p2010/texmf-dist/fonts/type1/public/amsfonts/cm/cmbx7
.pfb></opt/texlive/p2010/texmf-dist/fonts/type1/public/amsfonts/cm/cmcsc10.pfb>
</opt/texlive/p2010/texmf-dist/fonts/type1/public/amsfonts/cm/cmex10.pfb></opt/
texlive/p2010/texmf-dist/fonts/type1/public/amsfonts/cm/cmmi10.pfb></opt/texliv
e/p2010/texmf-dist/fonts/type1/public/amsfonts/cm/cmmi7.pfb></opt/texlive/p2010
/texmf-dist/fonts/type1/public/amsfonts/cm/cmr10.pfb></opt/texlive/p2010/texmf-
dist/fonts/type1/public/amsfonts/cm/cmr12.pfb></opt/texlive/p2010/texmf-dist/fo
nts/type1/public/amsfonts/cm/cmr7.pfb></opt/texlive/p2010/texmf-dist/fonts/type
1/public/amsfonts/cm/cmr8.pfb></opt/texlive/p2010/texmf-dist/fonts/type1/public
/amsfonts/cm/cmsy10.pfb></opt/texlive/p2010/texmf-dist/fonts/type1/public/amsfo
nts/cm/cmsy7.pfb></opt/texlive/p2010/texmf-dist/fonts/type1/public/amsfonts/cm/
cmti10.pfb></opt/texlive/p2010/texmf-dist/fonts/type1/public/amsfonts/cm/cmtt10
.pfb></opt/texlive/p2010/texmf-dist/fonts/type1/hoekwater/manfnt/manfnt.pfb>
Output written on sample1.pdf (10 pages, 665145 bytes).
PDF statistics: 115 PDF objects out of 1000 (max. 8388607)
 80 compressed objects within 1 object stream
 0 named destinations out of 1000 (max. 131072)
 1 words of extra memory for PDF output out of 10000 (max. 10000000)

